<?xml version="1.0" encoding="UTF-8"?>
<testng-results skipped="0" failed="0" total="0" passed="0">
  <reporter-output>
  </reporter-output>
  <suite name="MavenPractice.Cucumber.TestRun" duration-ms="7" started-at="2016-09-09T13:56:39Z" finished-at="2016-09-09T13:56:39Z">
    <groups>
    </groups>
    <test name="Command line test" duration-ms="7" started-at="2016-09-09T13:56:39Z" finished-at="2016-09-09T13:56:39Z">
    </test> <!-- Command line test -->
  </suite> <!-- MavenPractice.Cucumber.TestRun -->
</testng-results>
